This file contains any messages produced by compilers while
running configure, to aid debugging if configure makes a mistake.

It was created by fosite configure 0.2.1, which was
generated by GNU Autoconf 2.61.  Invocation command line was

  $ ./configure --with-mpi -enable-fast=O3 --with-netcdf=/astro/home/tillense/lib/netcdf --with-hdf5=/astro/home/tillense/lib/hdf/

## --------- ##
## Platform. ##
## --------- ##

hostname = pluto
uname -m = x86_64
uname -r = 2.6.25.16-0.1-default
uname -s = Linux
uname -v = #1 SMP 2008-08-21 00:34:25 +0200

/usr/bin/uname -p = unknown
/bin/uname -X     = unknown

/bin/arch              = x86_64
/usr/bin/arch -k       = unknown
/usr/convex/getsysinfo = unknown
/usr/bin/hostinfo      = unknown
/bin/machine           = unknown
/usr/bin/oslevel       = unknown
/bin/universe          = unknown

PATH: /astro/opt/intel/fce/bin
PATH: /astro/home/tillense/bin
PATH: /usr/local/bin
PATH: /usr/bin
PATH: /bin
PATH: /usr/X11R6/bin
PATH: /usr/games
PATH: /usr/lib/mit/bin
PATH: /usr/lib/mit/sbin
PATH: /astro/opt/rsi/idl//bin
PATH: /astro/opt/mpich2/1.0.8/bin
PATH: /astro/opt/bin


## ----------- ##
## Core tests. ##
## ----------- ##

configure:2011: checking build system type
configure:2029: result: x86_64-suse-linux-gnu
configure:2051: checking host system type
configure:2066: result: x86_64-suse-linux-gnu
configure:2234: checking for mpif90
configure:2250: found /astro/opt/mpich2/1.0.8/bin/mpif90
configure:2261: result: mpif90
configure:2291: checking for Fortran compiler version
configure:2298: mpif90 --version >&5
GNU Fortran (SUSE Linux) 4.3.1 20080507 (prerelease) [gcc-4_3-branch revision 135036]
Copyright (C) 2008 Free Software Foundation, Inc.

GNU Fortran comes with NO WARRANTY, to the extent permitted by law.
You may redistribute copies of GNU Fortran
under the terms of the GNU General Public License.
For more information about these matters, see the file named COPYING

configure:2301: $? = 0
configure:2308: mpif90 -v >&5
mpif90 for 1.0.8
Using built-in specs.
Target: x86_64-suse-linux
Configured with: ../configure --prefix=/usr --with-local-prefix=/usr/local --infodir=/usr/share/info --mandir=/usr/share/man --libdir=/usr/lib64 --libexecdir=/usr/lib64 --enable-languages=c,c++,objc,fortran,obj-c++,java,ada --enable-checking=release --with-gxx-include-dir=/usr/include/c++/4.3 --enable-ssp --disable-libssp --with-bugurl=http://bugs.opensuse.org/ --with-pkgversion='SUSE Linux' --disable-libgcj --with-slibdir=/lib64 --with-system-zlib --enable-__cxa_atexit --enable-libstdcxx-allocator=new --disable-libstdcxx-pch --program-suffix=-4.3 --enable-version-specific-runtime-libs --enable-linux-futex --without-system-libunwind --with-cpu=generic --build=x86_64-suse-linux
Thread model: posix
gcc version 4.3.1 20080507 (prerelease) [gcc-4_3-branch revision 135036] (SUSE Linux) 
configure:2311: $? = 0
configure:2318: mpif90 -V >&5
gfortran: couldn't run 'x86_64-suse-linux-gcc--I/astro/opt/mpich2/1.0.8/include': No such file or directory
configure:2321: $? = 1
configure:2335: checking for Fortran compiler default output file name
configure:2362: mpif90    conftest.f  >&5
configure:2365: $? = 0
configure:2403: result: a.out
configure:2420: checking whether the Fortran compiler works
configure:2430: ./a.out
configure:2433: $? = 0
configure:2450: result: yes
configure:2457: checking whether we are cross compiling
configure:2459: result: no
configure:2462: checking for suffix of executables
configure:2469: mpif90 -o conftest    conftest.f  >&5
configure:2472: $? = 0
configure:2496: result: 
configure:2502: checking for suffix of object files
configure:2518: mpif90 -c   conftest.f >&5
configure:2521: $? = 0
configure:2544: result: o
configure:2552: checking whether we are using the GNU Fortran compiler
configure:2571: mpif90 -c   conftest.F >&5
configure:2577: $? = 0
configure:2594: result: yes
configure:2600: checking whether mpif90 accepts -g
configure:2617: mpif90 -c -g  conftest.f >&5
configure:2623: $? = 0
configure:2639: result: yes
configure:2669: checking for Fortran flag to compile .f90 files
configure:2691: mpif90 -c -g -O2  conftest.f90 >&5
configure:2697: $? = 0
configure:2716: result: none
configure:2761: checking whether the Fortran compiler supports advanced debugging
configure:2783: mpif90 -o conftest  -check all   conftest.f90  >&5
gfortran: all: No such file or directory
gfortran: unrecognized option '-check'
configure:2789: $? = 1
configure: failed program was:
|       program main
| 
|       end
configure:2783: mpif90 -o conftest  -ftrace=full   conftest.f90  >&5
f951: error: unrecognized command line option "-ftrace=full"
configure:2789: $? = 1
configure: failed program was:
|       program main
| 
|       end
configure:2811: result: no
configure:2829: checking for Fortran flag needed to allow free-form source
configure:2854: mpif90 -c   conftest.f90 >&5
configure:2860: $? = 0
configure:2879: result: none
configure:2906: checking for Fortran flag to process preprocessor directives
configure:2935: mpif90 -c   conftest.f90 >&5
Warning: conftest.f90:3: Illegal preprocessor directive
Warning: conftest.f90:5: Illegal preprocessor directive
Warning: conftest.f90:7: Illegal preprocessor directive
conftest.f90:6.6:

      this not!!!
     1
Error: Unclassifiable statement at (1)
configure:2941: $? = 1
configure: failed program was:
| 		      program main
| 
| #ifdef FPPTEST
|       print *, 'this code should be compiled'
| #else
|       this not!!!
| #endif
| 
|       end
configure:2935: mpif90 -c  -Ep -DFPPTEST  conftest.f90 >&5
gfortran: unrecognized option '-Ep'
Warning: conftest.f90:3: Illegal preprocessor directive
Warning: conftest.f90:5: Illegal preprocessor directive
Warning: conftest.f90:7: Illegal preprocessor directive
conftest.f90:6.6:

      this not!!!
     1
Error: Unclassifiable statement at (1)
configure:2941: $? = 1
configure: failed program was:
| 		      program main
| 
| #ifdef FPPTEST
|       print *, 'this code should be compiled'
| #else
|       this not!!!
| #endif
| 
|       end
configure:2935: mpif90 -c  -cpp -DFPPTEST  conftest.f90 >&5
gfortran: unrecognized option '-cpp'
Warning: conftest.f90:3: Illegal preprocessor directive
Warning: conftest.f90:5: Illegal preprocessor directive
Warning: conftest.f90:7: Illegal preprocessor directive
conftest.f90:6.6:

      this not!!!
     1
Error: Unclassifiable statement at (1)
configure:2941: $? = 1
configure: failed program was:
| 		      program main
| 
| #ifdef FPPTEST
|       print *, 'this code should be compiled'
| #else
|       this not!!!
| #endif
| 
|       end
configure:2935: mpif90 -c  -x f95-cpp-input -DFPPTEST  conftest.f90 >&5
configure:2941: $? = 0
configure:2960: result: -x f95-cpp-input
configure:3243: checking for Fortran flag to remove trailing underscores
configure:3266: mpif90 -o conftest  -x f95-cpp-input   conftest.f90  >&5
/tmp/cc9kCqrk.o: In function `MAIN__':
conftest.f90:(.text+0x19): undefined reference to `malloc_'
collect2: ld returned 1 exit status
configure:3272: $? = 1
configure: failed program was:
|       program main
|       call malloc
|       end
configure:3266: mpif90 -o conftest  -x f95-cpp-input -nus   conftest.f90  >&5
gfortran: unrecognized option '-nus'
/tmp/cc4V5uV5.o: In function `MAIN__':
conftest.f90:(.text+0x19): undefined reference to `malloc_'
collect2: ld returned 1 exit status
configure:3272: $? = 1
configure: failed program was:
|       program main
|       call malloc
|       end
configure:3266: mpif90 -o conftest  -x f95-cpp-input -fno-underscoring   conftest.f90  >&5
configure:3272: $? = 0
configure:3294: result: -fno-underscoring
configure:3325: checking for Fortran flag to preserve upper/lower cases in names
configure:3348: mpif90 -o conftest  -x f95-cpp-input -fno-underscoring   conftest.f90  >&5
configure:3354: $? = 0
configure:3372: mpif90 -o conftest  -x f95-cpp-input -fno-underscoring   conftest.f90  >&5
configure:3378: $? = 0
configure:3348: mpif90 -o conftest  -x f95-cpp-input -fno-underscoring -fsource-case-preserve   conftest.f90  >&5
cc1: error: unrecognized command line option "-fsource-case-preserve"
configure:3354: $? = 1
configure: failed program was:
|       program main
| 
|       end
configure:3348: mpif90 -o conftest  -x f95-cpp-input -fno-underscoring -names as_is   conftest.f90  >&5
gfortran: as_is: No such file or directory
gfortran: unrecognized option '-names'
configure:3354: $? = 1
configure: failed program was:
|       program main
| 
|       end
configure:3409: result: unknown
configure:3414: WARNING: Cannot link C programs with mixed upper/lower case functions
configure:3439: trying fallback solution for linking against C libraries
configure:3577: checking for mpicc
configure:3593: found /astro/opt/mpich2/1.0.8/bin/mpicc
configure:3604: result: mpicc
configure:3640: checking for C compiler version
configure:3647: mpicc --version >&5
gcc (SUSE Linux) 4.3.1 20080507 (prerelease) [gcc-4_3-branch revision 135036]
Copyright (C) 2008 Free Software Foundation, Inc.
This is free software; see the source for copying conditions.  There is NO
warranty; not even for MERCHANTABILITY or FITNESS FOR A PARTICULAR PURPOSE.

configure:3650: $? = 0
configure:3657: mpicc -v >&5
mpicc for 1.0.8
Using built-in specs.
Target: x86_64-suse-linux
Configured with: ../configure --prefix=/usr --with-local-prefix=/usr/local --infodir=/usr/share/info --mandir=/usr/share/man --libdir=/usr/lib64 --libexecdir=/usr/lib64 --enable-languages=c,c++,objc,fortran,obj-c++,java,ada --enable-checking=release --with-gxx-include-dir=/usr/include/c++/4.3 --enable-ssp --disable-libssp --with-bugurl=http://bugs.opensuse.org/ --with-pkgversion='SUSE Linux' --disable-libgcj --with-slibdir=/lib64 --with-system-zlib --enable-__cxa_atexit --enable-libstdcxx-allocator=new --disable-libstdcxx-pch --program-suffix=-4.3 --enable-version-specific-runtime-libs --enable-linux-futex --without-system-libunwind --with-cpu=generic --build=x86_64-suse-linux
Thread model: posix
gcc version 4.3.1 20080507 (prerelease) [gcc-4_3-branch revision 135036] (SUSE Linux) 
configure:3660: $? = 0
configure:3667: mpicc -V >&5
gcc: couldn't run 'x86_64-suse-linux-gcc--I/astro/opt/mpich2/1.0.8/include': No such file or directory
configure:3670: $? = 1
configure:3673: checking whether we are using the GNU C compiler
configure:3702: mpicc -c   conftest.c >&5
configure:3708: $? = 0
configure:3725: result: yes
configure:3730: checking whether mpicc accepts -g
configure:3760: mpicc -c -g  conftest.c >&5
configure:3766: $? = 0
configure:3865: result: yes
configure:3882: checking for mpicc option to accept ISO C89
configure:3956: mpicc  -c -g -O2  conftest.c >&5
configure:3962: $? = 0
configure:3985: result: none needed
configure:4027: checking for pthread_key_create in -lpthread
configure:4045: mpif90 -o conftest  -x f95-cpp-input  -fno-underscoring   conftest.f90 -lpthread   >&5
configure:4051: $? = 0
configure:4069: result: yes
configure:4076: checking for aio_init in -lrt
configure:4094: mpif90 -o conftest  -x f95-cpp-input  -fno-underscoring   conftest.f90 -lrt   >&5
configure:4100: $? = 0
configure:4118: result: yes
configure:4242: checking for library containing MPI_Init
configure:4266: mpif90 -o conftest  -x f95-cpp-input   conftest.f90   -lpthread -lrt >&5
configure:4272: $? = 0
configure:4300: result: none required
configure:4319: checking for mpif.h
configure:4338: mpif90 -c  -x f95-cpp-input  conftest.f90 >&5
configure:4344: $? = 0
configure:4351: result: yes
configure:4389: checking for scalasca
configure:4405: found /astro/opt/bin/scalasca
configure:4416: result: scalasca -instrument
configure:4470: checking for inflate in -lz
configure:4505: mpicc -o conftest -g -O2   -L/astro/home/tillense/lib/netcdf/lib -L/astro/home/tillense/lib/hdf//lib conftest.c -lz   >&5
configure:4511: $? = 0
configure:4529: result: yes
configure:4540: checking for H5open in -lhdf5
configure:4575: mpicc -o conftest -g -O2   -L/astro/home/tillense/lib/netcdf/lib -L/astro/home/tillense/lib/hdf//lib conftest.c -lhdf5   -lpthread -lrt -lm -lz  >&5
configure:4581: $? = 0
configure:4599: result: yes
configure:4608: checking for H5DSattach_scale in -lhdf5_hl
configure:4643: mpicc -o conftest -g -O2   -L/astro/home/tillense/lib/netcdf/lib -L/astro/home/tillense/lib/hdf//lib conftest.c -lhdf5_hl   -lpthread -lrt -lm -lz  -lhdf5 >&5
configure:4649: $? = 0
configure:4667: result: yes
configure:4854: checking for NetCDF Fortran module
configure:4876: mpif90 -c  -x f95-cpp-input -I/astro/home/tillense/lib/netcdf/include  conftest.f90 >&5
configure:4882: $? = 0
configure:4901: result: yes
configure:4961: checking for nf90_create in -lnetcdf...
configure:4993: mpif90 -o conftest  -x f95-cpp-input -I/astro/home/tillense/lib/netcdf/include  -L/astro/home/tillense/lib/netcdf/lib -L/astro/home/tillense/lib/hdf//lib  conftest.f90 -lnetcdf -lhdf5_hl -lz  -lhdf5 >&5
configure:4999: $? = 0
configure:5020: result: yes
configure:5249: creating ./config.status

## ---------------------- ##
## Running config.status. ##
## ---------------------- ##

This file was extended by fosite config.status 0.2.1, which was
generated by GNU Autoconf 2.61.  Invocation command line was

  CONFIG_FILES    = 
  CONFIG_HEADERS  = 
  CONFIG_LINKS    = 
  CONFIG_COMMANDS = 
  $ ./config.status 

on pluto

config.status:599: creating Makefile

## ---------------- ##
## Cache variables. ##
## ---------------- ##

ac_cv_build=x86_64-suse-linux-gnu
ac_cv_c_compiler_gnu=yes
ac_cv_env_CC_set=
ac_cv_env_CC_value=
ac_cv_env_CFLAGS_set=
ac_cv_env_CFLAGS_value=
ac_cv_env_CPPFLAGS_set=
ac_cv_env_CPPFLAGS_value=
ac_cv_env_FCFLAGS_set=
ac_cv_env_FCFLAGS_value=
ac_cv_env_FC_set=
ac_cv_env_FC_value=
ac_cv_env_LDFLAGS_set=
ac_cv_env_LDFLAGS_value=
ac_cv_env_LIBS_set=
ac_cv_env_LIBS_value=
ac_cv_env_PREP_set=
ac_cv_env_PREP_value=
ac_cv_env_build_alias_set=
ac_cv_env_build_alias_value=
ac_cv_env_host_alias_set=
ac_cv_env_host_alias_value=
ac_cv_env_target_alias_set=
ac_cv_env_target_alias_value=
ac_cv_fc_FCFLAGS_linkClibs=' -fno-underscoring'
ac_cv_fc_FCFLAGS_save=' -x f95-cpp-input'
ac_cv_fc_advanced_debug=no
ac_cv_fc_compiler_gnu=yes
ac_cv_fc_cppflag='-x f95-cpp-input'
ac_cv_fc_fast=-O3
ac_cv_fc_freeform=none
ac_cv_fc_nous=-fno-underscoring
ac_cv_fc_preservecase=unknown
ac_cv_fc_srcext_f90=none
ac_cv_host=x86_64-suse-linux-gnu
ac_cv_lib_hdf5_H5open=yes
ac_cv_lib_hdf5_hl_H5DSattach_scale=yes
ac_cv_lib_netcdf_nf90_create=yes
ac_cv_lib_pthread_pthread_key_create=yes
ac_cv_lib_rt_aio_init=yes
ac_cv_lib_z_inflate=yes
ac_cv_netcdf_module=yes
ac_cv_objext=o
ac_cv_prog_PREP='scalasca -instrument'
ac_cv_prog_ac_ct_CC=mpicc
ac_cv_prog_ac_ct_FC=mpif90
ac_cv_prog_cc_c89=
ac_cv_prog_cc_g=yes
ac_cv_prog_fc_g=yes
ac_cv_search_MPI_Init='none required'

## ----------------- ##
## Output variables. ##
## ----------------- ##

CC='mpicc'
CFLAGS='-g -O2'
CPPFLAGS=''
DEFS='-DPACKAGE_NAME=\"fosite\" -DPACKAGE_TARNAME=\"fosite\" -DPACKAGE_VERSION=\"0.2.1\" -DPACKAGE_STRING=\"fosite\ 0.2.1\" -DPACKAGE_BUGREPORT=\"tillense@astrophysik.uni-kiel.de\" -DHAVE_LIBZ=1 -DHAVE_LIBHDF5_HL=1'
DEFS_ALL=' -DHAVE_HDF5 -DHAVE_NETCDF'
DEFS_PARALLEL='-DPARALLEL'
ECHO_C=''
ECHO_N='-n'
ECHO_T=''
EXEEXT=''
FC='mpif90'
FCFLAGS=' -x f95-cpp-input -I/astro/home/tillense/lib/netcdf/include'
FCFLAGS_ALL=' -x f95-cpp-input -I/astro/home/tillense/lib/netcdf/include'
FCFLAGS_DBG=' -g -O2'
FCFLAGS_MPI=''
FCFLAGS_OPT=' -O3 '
FCFLAGS_PROF=''
FCFLAGS_f90=''
LDFLAGS=' -L/astro/home/tillense/lib/netcdf/lib -L/astro/home/tillense/lib/hdf//lib'
LDFLAGS_ALL=' -L/astro/home/tillense/lib/netcdf/lib -L/astro/home/tillense/lib/hdf//lib -lnetcdf -lhdf5_hl -lz  -lhdf5'
LDFLAGS_DBG=' -g'
LDFLAGS_MPI=''
LDFLAGS_OPT=''
LDFLAGS_PROF=''
LIBOBJS=''
LIBS='-lnetcdf -lhdf5_hl -lz  -lhdf5'
LTLIBOBJS=''
MPICC='mpicc'
MPIFC='mpif90 mpxlf95_r mpxlf90_r mpxlf95 mpxlf90 mpf90 cmpif90c'
MPILIBS='  -lpthread -lrt'
OBJEXT='o'
PACKAGE_BUGREPORT='tillense@astrophysik.uni-kiel.de'
PACKAGE_NAME='fosite'
PACKAGE_STRING='fosite 0.2.1'
PACKAGE_TARNAME='fosite'
PACKAGE_VERSION='0.2.1'
PATH_SEPARATOR=':'
PREP='scalasca -instrument'
SHELL='/bin/sh'
ac_ct_CC='mpicc'
ac_ct_FC='mpif90'
bindir='${exec_prefix}/bin'
build='x86_64-suse-linux-gnu'
build_alias=''
build_cpu='x86_64'
build_os='linux-gnu'
build_vendor='suse'
datadir='${datarootdir}'
datarootdir='${prefix}/share'
docdir='${datarootdir}/doc/${PACKAGE_TARNAME}'
dvidir='${docdir}'
exec_prefix='${prefix}'
host='x86_64-suse-linux-gnu'
host_alias=''
host_cpu='x86_64'
host_os='linux-gnu'
host_vendor='suse'
htmldir='${docdir}'
includedir='${prefix}/include'
infodir='${datarootdir}/info'
libdir='${exec_prefix}/lib'
libexecdir='${exec_prefix}/libexec'
localedir='${datarootdir}/locale'
localstatedir='${prefix}/var'
mandir='${datarootdir}/man'
oldincludedir='/usr/include'
pdfdir='${docdir}'
prefix='/usr/local'
program_transform_name='s,x,x,'
psdir='${docdir}'
sbindir='${exec_prefix}/sbin'
sharedstatedir='${prefix}/com'
sysconfdir='${prefix}/etc'
target_alias=''

## ----------- ##
## confdefs.h. ##
## ----------- ##

#define PACKAGE_NAME "fosite"
#define PACKAGE_TARNAME "fosite"
#define PACKAGE_VERSION "0.2.1"
#define PACKAGE_STRING "fosite 0.2.1"
#define PACKAGE_BUGREPORT "tillense@astrophysik.uni-kiel.de"
#define HAVE_LIBZ 1
#define HAVE_LIBHDF5_HL 1

configure: exit 0
